01-05-2023-01:10:52: InitCommonControls
01-05-2023-01:10:52: InitClient
01-05-2023-01:10:52: RESOURCES_PATH=../RESOURCES/
01-05-2023-01:10:52: SetLanguageApplication
01-05-2023-01:10:52: InitPacketNames
01-05-2023-01:10:52: InitMaps
01-05-2023-01:10:52: LoadResources
01-05-2023-01:10:53: LoadOptions
01-05-2023-01:10:53: InitPacketControl
01-05-2023-01:10:53: InitCursors
01-05-2023-01:10:53: CheckResources
01-05-2023-01:10:53: frmCarga.Show
01-05-2023-01:10:53: Sound.Initialize_Engine
01-05-2023-01:10:54: LoadServers
01-05-2023-01:10:54: engine_init
01-05-2023-01:10:54: InitializeInventory
01-05-2023-01:10:54: Init_TileEngine
01-05-2023-01:10:54: LoadFonts
01-05-2023-01:10:54: General_Set_Connect
01-05-2023-01:10:54: Start
